#
# There is insufficient memory for the Java Runtime Environment to continue.
# Native memory allocation (malloc) failed to allocate 1497376 bytes for Chunk::new
# Possible reasons:
#   The system is out of physical RAM or swap space
#   In 32 bit mode, the process size limit was hit
# Possible solutions:
#   Reduce memory load on the system
#   Increase physical memory or swap space
#   Check if swap backing store is full
#   Use 64 bit Java on a 64 bit OS
#   Decrease Java heap size (-Xmx/-Xms)
#   Decrease number of Java threads
#   Decrease Java thread stack sizes (-Xss)
#   Set larger code cache with -XX:ReservedCodeCacheSize=
# This output file may be truncated or incomplete.
#
#  Out of Memory Error (allocation.cpp:390), pid=6804, tid=3744
#
# JRE version: Java(TM) SE Runtime Environment (8.0_60-b27) (build 1.8.0_60-b27)
# Java VM: Java HotSpot(TM) 64-Bit Server VM (25.60-b23 mixed mode windows-amd64 compressed oops)
# Failed to write core dump. Minidumps are not enabled by default on client versions of Windows
#

---------------  T H R E A D  ---------------

Current thread (0x00000000552da800):  JavaThread "C2 CompilerThread1" daemon [_thread_in_native, id=3744, stack(0x0000000056a10000,0x0000000056b10000)]

Stack: [0x0000000056a10000,0x0000000056b10000]
[error occurred during error reporting (printing stack bounds), id 0xc0000005]

Native frames: (J=compiled Java code, j=interpreted, Vv=VM code, C=native code)


Current CompileTask:
C2:  30523 2202   !   4       com.android.dx.cf.code.BytecodeArray::parseInstruction (2764 bytes)


---------------  P R O C E S S  ---------------

Java Threads: ( => current thread )
  0x0000000056f82000 JavaThread "pool-1-thread-4" [_thread_blocked, id=3872, stack(0x00000000577e0000,0x00000000578e0000)]
  0x0000000056f7f800 JavaThread "pool-1-thread-3" [_thread_blocked, id=5996, stack(0x00000000576a0000,0x00000000577a0000)]
  0x0000000056f7b800 JavaThread "pool-1-thread-2" [_thread_blocked, id=6348, stack(0x0000000057450000,0x0000000057550000)]
  0x0000000056f97800 JavaThread "pool-2-thread-1" [_thread_blocked, id=6768, stack(0x0000000057210000,0x0000000057310000)]
  0x0000000056f97000 JavaThread "pool-1-thread-1" [_thread_blocked, id=2408, stack(0x00000000568f0000,0x00000000569f0000)]
  0x00000000552de000 JavaThread "Service Thread" daemon [_thread_blocked, id=2788, stack(0x00000000570e0000,0x00000000571e0000)]
  0x00000000552db800 JavaThread "C1 CompilerThread2" daemon [_thread_blocked, id=6516, stack(0x0000000056bd0000,0x0000000056cd0000)]
=>0x00000000552da800 JavaThread "C2 CompilerThread1" daemon [_thread_in_native, id=3744, stack(0x0000000056a10000,0x0000000056b10000)]
  0x00000000552d6800 JavaThread "C2 CompilerThread0" daemon [_thread_blocked, id=5640, stack(0x0000000056650000,0x0000000056750000)]
  0x00000000552d2000 JavaThread "Attach Listener" daemon [_thread_blocked, id=4084, stack(0x00000000567a0000,0x00000000568a0000)]
  0x00000000552d0800 JavaThread "Signal Dispatcher" daemon [_thread_blocked, id=5584, stack(0x0000000056350000,0x0000000056450000)]
  0x0000000055271000 JavaThread "Finalizer" daemon [_thread_blocked, id=5068, stack(0x0000000056520000,0x0000000056620000)]
  0x0000000055270000 JavaThread "Reference Handler" daemon [_thread_blocked, id=5596, stack(0x00000000560b0000,0x00000000561b0000)]
  0x00000000022df000 JavaThread "main" [_thread_blocked, id=3388, stack(0x00000000023f0000,0x00000000024f0000)]

Other Threads:
  0x000000005526a800 VMThread [stack: 0x0000000056250000,0x0000000056350000] [id=2660]
  0x0000000056d43000 WatcherThread [stack: 0x0000000057350000,0x0000000057450000] [id=6680]

VM state:not at safepoint (normal execution)

VM Mutex/Monitor currently owned by a thread: None

Heap:
 PSYoungGen      total 128000K, used 104070K [0x00000000eab00000, 0x00000000f2d00000, 0x0000000100000000)
  eden space 122880K, 80% used [0x00000000eab00000,0x00000000f0ba50a8,0x00000000f2300000)
  from space 5120K, 99% used [0x00000000f2800000,0x00000000f2cfcb20,0x00000000f2d00000)
  to   space 5120K, 0% used [0x00000000f2300000,0x00000000f2300000,0x00000000f2800000)
 ParOldGen       total 81920K, used 22650K [0x00000000c0000000, 0x00000000c5000000, 0x00000000eab00000)
  object space 81920K, 27% used [0x00000000c0000000,0x00000000c161eb50,0x00000000c5000000)
 Metaspace       used 6395K, capacity 7216K, committed 7296K, reserved 1056768K
  class space    used 604K, capacity 616K, committed 640K, reserved 1048576K

Card table byte_map: [0x0000000011b80000,0x0000000011d90000] byte_map_base: 0x0000000011580000

Marking Bits: (ParMarkBitMap*) 0x000000006e1fa5b0
 Begin Bits: [0x00000000126e0000, 0x00000000136e0000)
 End Bits:   [0x00000000136e0000, 0x00000000146e0000)

Polling page: 0x0000000000230000

CodeCache: size=245760Kb used=10449Kb max_used=10449Kb free=235310Kb
 bounds [0x00000000027c0000, 0x0000000003210000, 0x00000000117c0000]
 total_blobs=2421 nmethods=2152 adapters=182
 compilation: enabled

Compilation events (10 events):
Event: 30.378 Thread 0x00000000552db800 nmethod 2198 0x00000000028e78d0 code [0x00000000028e7a20, 0x00000000028e7b30]
Event: 30.384 Thread 0x00000000552db800 2199       1       java.util.concurrent.ThreadPoolExecutor::beforeExecute (1 bytes)
Event: 30.384 Thread 0x00000000552db800 nmethod 2199 0x00000000031cd310 code [0x00000000031cd460, 0x00000000031cd570]
Event: 30.384 Thread 0x00000000552db800 2200       1       com.android.dx.cf.attrib.AttConstantValue::byteLength (3 bytes)
Event: 30.384 Thread 0x00000000552db800 nmethod 2200 0x00000000031bfb50 code [0x00000000031bfca0, 0x00000000031bfdb0]
Event: 30.386 Thread 0x00000000552d6800 2201       4       java.util.concurrent.locks.AbstractQueuedSynchronizer::release (33 bytes)
Event: 30.387 Thread 0x00000000552da800 2202   !   4       com.android.dx.cf.code.BytecodeArray::parseInstruction (2764 bytes)
Event: 30.387 Thread 0x00000000552d6800 nmethod 2201 0x00000000031c8f50 code [0x00000000031c90a0, 0x00000000031c91e8]
Event: 30.412 Thread 0x00000000552db800 2203   !   3       com.android.dx.cf.code.RopperMachine::run (1550 bytes)
Event: 30.432 Thread 0x00000000552db800 nmethod 2203 0x00000000031e7450 code [0x00000000031e8680, 0x00000000031f7088]

GC Heap History (8 events):
Event: 2.498 GC heap before
{Heap before GC invocations=1 (full 0):
 PSYoungGen      total 35840K, used 30720K [0x00000000eab00000, 0x00000000ed300000, 0x0000000100000000)
  eden space 30720K, 100% used [0x00000000eab00000,0x00000000ec900000,0x00000000ec900000)
  from space 5120K, 0% used [0x00000000ece00000,0x00000000ece00000,0x00000000ed300000)
  to   space 5120K, 0% used [0x00000000ec900000,0x00000000ec900000,0x00000000ece00000)
 ParOldGen       total 81920K, used 0K [0x00000000c0000000, 0x00000000c5000000, 0x00000000eab00000)
  object space 81920K, 0% used [0x00000000c0000000,0x00000000c0000000,0x00000000c5000000)
 Metaspace       used 5693K, capacity 6704K, committed 6784K, reserved 1056768K
  class space    used 596K, capacity 616K, committed 640K, reserved 1048576K
Event: 2.622 GC heap after
Heap after GC invocations=1 (full 0):
 PSYoungGen      total 35840K, used 4577K [0x00000000eab00000, 0x00000000ef100000, 0x0000000100000000)
  eden space 30720K, 0% used [0x00000000eab00000,0x00000000eab00000,0x00000000ec900000)
  from space 5120K, 89% used [0x00000000ec900000,0x00000000ecd787d0,0x00000000ece00000)
  to   space 5120K, 0% used [0x00000000eec00000,0x00000000eec00000,0x00000000ef100000)
 ParOldGen       total 81920K, used 0K [0x00000000c0000000, 0x00000000c5000000, 0x00000000eab00000)
  object space 81920K, 0% used [0x00000000c0000000,0x00000000c0000000,0x00000000c5000000)
 Metaspace       used 5693K, capacity 6704K, committed 6784K, reserved 1056768K
  class space    used 596K, capacity 616K, committed 640K, reserved 1048576K
}
Event: 5.052 GC heap before
{Heap before GC invocations=2 (full 0):
 PSYoungGen      total 35840K, used 35297K [0x00000000eab00000, 0x00000000ef100000, 0x0000000100000000)
  eden space 30720K, 100% used [0x00000000eab00000,0x00000000ec900000,0x00000000ec900000)
  from space 5120K, 89% used [0x00000000ec900000,0x00000000ecd787d0,0x00000000ece00000)
  to   space 5120K, 0% used [0x00000000eec00000,0x00000000eec00000,0x00000000ef100000)
 ParOldGen       total 81920K, used 0K [0x00000000c0000000, 0x00000000c5000000, 0x00000000eab00000)
  object space 81920K, 0% used [0x00000000c0000000,0x00000000c0000000,0x00000000c5000000)
 Metaspace       used 6065K, capacity 7024K, committed 7296K, reserved 1056768K
  class space    used 596K, capacity 616K, committed 640K, reserved 1048576K
Event: 5.273 GC heap after
Heap after GC invocations=2 (full 0):
 PSYoungGen      total 66560K, used 5111K [0x00000000eab00000, 0x00000000ef100000, 0x0000000100000000)
  eden space 61440K, 0% used [0x00000000eab00000,0x00000000eab00000,0x00000000ee700000)
  from space 5120K, 99% used [0x00000000eec00000,0x00000000ef0fdc78,0x00000000ef100000)
  to   space 5120K, 0% used [0x00000000ee700000,0x00000000ee700000,0x00000000eec00000)
 ParOldGen       total 81920K, used 1803K [0x00000000c0000000, 0x00000000c5000000, 0x00000000eab00000)
  object space 81920K, 2% used [0x00000000c0000000,0x00000000c01c2ce0,0x00000000c5000000)
 Metaspace       used 6065K, capacity 7024K, committed 7296K, reserved 1056768K
  class space    used 596K, capacity 616K, committed 640K, reserved 1048576K
}
Event: 18.517 GC heap before
{Heap before GC invocations=3 (full 0):
 PSYoungGen      total 66560K, used 66551K [0x00000000eab00000, 0x00000000ef100000, 0x0000000100000000)
  eden space 61440K, 100% used [0x00000000eab00000,0x00000000ee700000,0x00000000ee700000)
  from space 5120K, 99% used [0x00000000eec00000,0x00000000ef0fdc78,0x00000000ef100000)
  to   space 5120K, 0% used [0x00000000ee700000,0x00000000ee700000,0x00000000eec00000)
 ParOldGen       total 81920K, used 1803K [0x00000000c0000000, 0x00000000c5000000, 0x00000000eab00000)
  object space 81920K, 2% used [0x00000000c0000000,0x00000000c01c2ce0,0x00000000c5000000)
 Metaspace       used 6318K, capacity 7152K, committed 7296K, reserved 1056768K
  class space    used 601K, capacity 616K, committed 640K, reserved 1048576K
Event: 18.608 GC heap after
Heap after GC invocations=3 (full 0):
 PSYoungGen      total 66560K, used 5120K [0x00000000eab00000, 0x00000000f2d00000, 0x0000000100000000)
  eden space 61440K, 0% used [0x00000000eab00000,0x00000000eab00000,0x00000000ee700000)
  from space 5120K, 100% used [0x00000000ee700000,0x00000000eec00000,0x00000000eec00000)
  to   space 5120K, 0% used [0x00000000f2800000,0x00000000f2800000,0x00000000f2d00000)
 ParOldGen       total 81920K, used 12602K [0x00000000c0000000, 0x00000000c5000000, 0x00000000eab00000)
  object space 81920K, 15% used [0x00000000c0000000,0x00000000c0c4e818,0x00000000c5000000)
 Metaspace       used 6318K, capacity 7152K, committed 7296K, reserved 1056768K
  class space    used 601K, capacity 616K, committed 640K, reserved 1048576K
}
Event: 20.424 GC heap before
{Heap before GC invocations=4 (full 0):
 PSYoungGen      total 66560K, used 66560K [0x00000000eab00000, 0x00000000f2d00000, 0x0000000100000000)
  eden space 61440K, 100% used [0x00000000eab00000,0x00000000ee700000,0x00000000ee700000)
  from space 5120K, 100% used [0x00000000ee700000,0x00000000eec00000,0x00000000eec00000)
  to   space 5120K, 0% used [0x00000000f2800000,0x00000000f2800000,0x00000000f2d00000)
 ParOldGen       total 81920K, used 12602K [0x00000000c0000000, 0x00000000c5000000, 0x00000000eab00000)
  object space 81920K, 15% used [0x00000000c0000000,0x00000000c0c4e818,0x00000000c5000000)
 Metaspace       used 6333K, capacity 7152K, committed 7296K, reserved 1056768K
  class space    used 602K, capacity 616K, committed 640K, reserved 1048576K
Event: 20.524 GC heap after
Heap after GC invocations=4 (full 0):
 PSYoungGen      total 128000K, used 5106K [0x00000000eab00000, 0x00000000f2d00000, 0x0000000100000000)
  eden space 122880K, 0% used [0x00000000eab00000,0x00000000eab00000,0x00000000f2300000)
  from space 5120K, 99% used [0x00000000f2800000,0x00000000f2cfcb20,0x00000000f2d00000)
  to   space 5120K, 0% used [0x00000000f2300000,0x00000000f2300000,0x00000000f2800000)
 ParOldGen       total 81920K, used 22650K [0x00000000c0000000, 0x00000000c5000000, 0x00000000eab00000)
  object space 81920K, 27% used [0x00000000c0000000,0x00000000c161eb50,0x00000000c5000000)
 Metaspace       used 6333K, capacity 7152K, committed 7296K, reserved 1056768K
  class space    used 602K, capacity 616K, committed 640K, reserved 1048576K
}

Deoptimization events (10 events):
Event: 29.982 Thread 0x0000000056f7f800 Uncommon trap: reason=unstable_if action=reinterpret pc=0x0000000002fc2c70 method=com.android.dx.ssa.PhiTypeResolver.equalsHandlesNulls(Lcom/android/dx/rop/code/LocalItem;Lcom/android/dx/rop/code/LocalItem;)Z @ 2
Event: 30.114 Thread 0x0000000056f97000 Uncommon trap: reason=class_check action=maybe_recompile pc=0x00000000031341c8 method=com.android.dx.rop.cst.CstString.equals(Ljava/lang/Object;)Z @ 1
Event: 30.384 Thread 0x00000000022df000 Uncommon trap: reason=unstable_if action=reinterpret pc=0x00000000031b7450 method=com.android.dx.cf.direct.StdAttributeFactory.parse0(Lcom/android/dx/cf/direct/DirectClassFile;ILjava/lang/String;IILcom/android/dx/cf/iface/ParseObserver;)Lcom/android/dx/cf/‡‰§6Úb>@
Event: 30.386 Thread 0x0000000056f82000 Uncommon trap: reason=bimorphic action=maybe_recompile pc=0x000000000319ce7c method=com.android.dx.cf.code.BytecodeArray.parseInstruction(ILcom/android/dx/cf/code/BytecodeArray$Visitor;)I @ 971
Event: 30.386 Thread 0x0000000056f82000 Uncommon trap: reason=bimorphic action=maybe_recompile pc=0x000000000319ccb8 method=com.android.dx.cf.code.BytecodeArray.parseInstruction(ILcom/android/dx/cf/code/BytecodeArray$Visitor;)I @ 907
Event: 30.386 Thread 0x0000000056f82000 Uncommon trap: reason=bimorphic action=maybe_recompile pc=0x000000000319ccb8 method=com.android.dx.cf.code.BytecodeArray.parseInstruction(ILcom/android/dx/cf/code/BytecodeArray$Visitor;)I @ 907
Event: 30.386 Thread 0x0000000056f82000 Uncommon trap: reason=bimorphic action=maybe_recompile pc=0x000000000319cd38 method=com.android.dx.cf.code.BytecodeArray.parseInstruction(ILcom/android/dx/cf/code/BytecodeArray$Visitor;)I @ 923
Event: 30.386 Thread 0x0000000056f82000 Uncommon trap: reason=bimorphic action=maybe_recompile pc=0x000000000319cd38 method=com.android.dx.cf.code.BytecodeArray.parseInstruction(ILcom/android/dx/cf/code/BytecodeArray$Visitor;)I @ 923
Event: 30.386 Thread 0x0000000056f82000 Uncommon trap: reason=unstable_if action=reinterpret pc=0x00000000030686dc method=com.android.dx.cf.code.RopperMachine.run(Lcom/android/dx/cf/code/Frame;II)V @ 1500
Event: 30.387 Thread 0x0000000056f82000 Uncommon trap: reason=class_check action=maybe_recompile pc=0x000000000303f518 method=com.android.dx.cf.code.Ropper.processBlock(Lcom/android/dx/cf/code/ByteBlock;Lcom/android/dx/cf/code/Frame;[I)V @ 777

Internal exceptions (5 events):
Event: 0.693 Thread 0x00000000022df000 Exception <a 'java/lang/NoSuchMethodError': Method sun.misc.Unsafe.defineClass(Ljava/lang/String;[BII)Ljava/lang/Class; name or signature does not match> (0x00000000eab0d558) thrown at [C:\re\workspace\8-2-build-windows-amd64-cygwin\jdk8u60\4407\hotspot\srN'Z`ƒ0æ?
Event: 0.693 Thread 0x00000000022df000 Exception <a 'java/lang/NoSuchMethodError': Method sun.misc.Unsafe.prefetchRead(Ljava/lang/Object;J)V name or signature does not match> (0x00000000eab0d840) thrown at [C:\re\workspace\8-2-build-windows-amd64-cygwin\jdk8u60\4407\hotspot\src\share\vm\prims\j~qáŠªï@
Event: 4.234 Thread 0x0000000056f82000 Implicit null exception at 0x0000000002a1a0d2 to 0x0000000002a1a1c2
Event: 4.234 Thread 0x0000000056f82000 Implicit null exception at 0x0000000002c72638 to 0x0000000002c72881
Event: 21.543 Thread 0x0000000056f82000 Implicit null exception at 0x0000000002a223bd to 0x0000000002a23e29

Events (10 events):
Event: 30.386 Thread 0x0000000056f82000 DEOPT UNPACKING pc=0x000000000280582a sp=0x00000000578de3c8 mode 2
Event: 30.386 Thread 0x0000000056f82000 Uncommon trap: trap_request=0xffffffc6 fr.pc=0x000000000319cd38
Event: 30.386 Thread 0x0000000056f82000 DEOPT PACKING pc=0x000000000319cd38 sp=0x00000000578de440
Event: 30.386 Thread 0x0000000056f82000 DEOPT UNPACKING pc=0x000000000280582a sp=0x00000000578de3c8 mode 2
Event: 30.386 Thread 0x0000000056f82000 Uncommon trap: trap_request=0xffffff65 fr.pc=0x00000000030686dc
Event: 30.386 Thread 0x0000000056f82000 DEOPT PACKING pc=0x00000000030686dc sp=0x00000000578de380
Event: 30.386 Thread 0x0000000056f82000 DEOPT UNPACKING pc=0x000000000280582a sp=0x00000000578de378 mode 2
Event: 30.387 Thread 0x0000000056f82000 Uncommon trap: trap_request=0xffffffde fr.pc=0x000000000303f518
Event: 30.387 Thread 0x0000000056f82000 DEOPT PACKING pc=0x000000000303f518 sp=0x00000000578de690
Event: 30.387 Thread 0x0000000056f82000 DEOPT UNPACKING pc=0x000000000280582a sp=0x00000000578de678 mode 2


Dynamic libraries:
0x000000013f420000 - 0x000000013f457000 	C:\Program Files\Java\jdk1.8.0_60\bin\java.exe
0x0000000077210000 - 0x00000000773b9000 	C:\Windows\SYSTEM32\ntdll.dll
0x00000000770f0000 - 0x000000007720f000 	C:\Windows\system32\kernel32.dll
0x000007fefd1c0000 - 0x000007fefd22c000 	C:\Windows\system32\KERNELBASE.dll
0x000007feff440000 - 0x000007feff51b000 	C:\Windows\system32\ADVAPI32.dll
0x000007fefeed0000 - 0x000007fefef6f000 	C:\Windows\system32\msvcrt.dll
0x000007fefe2e0000 - 0x000007fefe2ff000 	C:\Windows\SYSTEM32\sechost.dll
0x000007fefe490000 - 0x000007fefe5bd000 	C:\Windows\system32\RPCRT4.dll
0x0000000076ff0000 - 0x00000000770ea000 	C:\Windows\system32\USER32.dll
0x000007fefe950000 - 0x000007fefe9b7000 	C:\Windows\system32\GDI32.dll
0x000007fefef70000 - 0x000007fefef7e000 	C:\Windows\system32\LPK.dll
0x000007fefe5c0000 - 0x000007fefe68a000 	C:\Windows\system32\USP10.dll
0x000007fefb7f0000 - 0x000007fefb9e4000 	C:\Windows\WinSxS\amd64_microsoft.windows.common-controls_6595b64144ccf1df_6.0.7601.18837_none_fa3b1e3d17594757\COMCTL32.dll
0x000007fefedb0000 - 0x000007fefee21000 	C:\Windows\system32\SHLWAPI.dll
0x000007fefd520000 - 0x000007fefd54e000 	C:\Windows\system32\IMM32.DLL
0x000007fefeca0000 - 0x000007fefeda9000 	C:\Windows\system32\MSCTF.dll
0x00000000601a0000 - 0x0000000060272000 	C:\Program Files\Java\jdk1.8.0_60\jre\bin\msvcr100.dll
0x000000006d9f0000 - 0x000000006e279000 	C:\Program Files\Java\jdk1.8.0_60\jre\bin\server\jvm.dll
0x000007fef37f0000 - 0x000007fef37f9000 	C:\Windows\system32\WSOCK32.dll
0x000007feff3f0000 - 0x000007feff43d000 	C:\Windows\system32\WS2_32.dll
0x000007feff0a0000 - 0x000007feff0a8000 	C:\Windows\system32\NSI.dll
0x000007fefafc0000 - 0x000007fefaffb000 	C:\Windows\system32\WINMM.dll
0x000007fefc270000 - 0x000007fefc27c000 	C:\Windows\system32\VERSION.dll
0x00000000773e0000 - 0x00000000773e7000 	C:\Windows\system32\PSAPI.DLL
0x0000000071170000 - 0x000000007117f000 	C:\Program Files\Java\jdk1.8.0_60\jre\bin\verify.dll
0x000000006f8d0000 - 0x000000006f8f9000 	C:\Program Files\Java\jdk1.8.0_60\jre\bin\java.dll
0x000000006f680000 - 0x000000006f696000 	C:\Program Files\Java\jdk1.8.0_60\jre\bin\zip.dll
0x000007fefd550000 - 0x000007fefe2d9000 	C:\Windows\system32\SHELL32.dll
0x000007feff0b0000 - 0x000007feff2b3000 	C:\Windows\system32\ole32.dll
0x000007fefd110000 - 0x000007fefd11f000 	C:\Windows\system32\profapi.dll

VM Arguments:
jvm_args: -Djava.awt.headless=true -Xmx1024M -Dfile.encoding=windows-1252 -Duser.country=BR -Duser.language=pt -Duser.variant 
java_command: com.android.dx.command.Main --dex --num-threads=4 --output E:\Download\Arquivos\ApplicationKdVoce\app\build\intermediates\pre-dexed\debug\com.google.android.gms-play-services-games-8.4.0_39c98d77fddb2ff0cba6844b75bb655139846aa9.jar E:\Download\Arquivos\ApplicationKdVoce\app\build\intermediates\exploded-aar\com.google.android.gms\play-services-games\8.4.0\jars\classes.jar
java_class_path (initial): C:\android-sdk\build-tools\23.0.3\lib\dx.jar
Launcher Type: SUN_STANDARD

Environment Variables:
JAVA_HOME=C:\Program Files\Java\jdk1.8.0_60
CLASSPATH=C:\Program Files\Java\jdk1.8.0_60;.
PATH=C:\Users\GABRIEL\bin\Sencha\Cmd\4.0.5.87;C:\Program Files (x86)\Common Files\Intel\Shared Files\cpp\bin\Intel64;C:\ProgramData\Oracle\Java\javapath;C:\Windows\system32;C:\Windows;C:\Windows\System32\Wbem;C:\Windows\System32\WindowsPowerShell\v1.0\;C:\Program Files\Java\jdk1.8.0_60\bin;E:\MySQL\MySQL Server 5.5\bin;C:\Ruby193\bin;C:\FPC\2.2.4\bin\i386-Win32
USERNAME=GABRIEL
OS=Windows_NT
PROCESSOR_IDENTIFIER=Intel64 Family 6 Model 42 Stepping 7, GenuineIntel



---------------  S Y S T E M  ---------------

OS: Windows 7 , 64 bit Build 7601 (6.1.7601.19110)

CPU:total 4 (2 cores per cpu, 2 threads per core) family 6 model 42 stepping 7, cmov, cx8, fxsr, mmx, sse, sse2, sse3, ssse3, sse4.1, sse4.2, popcnt, avx, clmul, ht, tsc, tscinvbit

Memory: 4k page, physical 7781816k(1141384k free), swap 8259232k(5608k free)

vm_info: Java HotSpot(TM) 64-Bit Server VM (25.60-b23) for windows-amd64 JRE (1.8.0_60-b27), built on Aug  4 2015 11:06:27 by "java_re" with MS VC++ 10.0 (VS2010)

time: Thu May 26 23:59:54 2016
elapsed time: 30 seconds (0d 0h 0m 30s)

