#
# There is insufficient memory for the Java Runtime Environment to continue.
# Native memory allocation (malloc) failed to allocate 1048576 bytes for AllocateHeap
# Possible reasons:
#   The system is out of physical RAM or swap space
#   In 32 bit mode, the process size limit was hit
# Possible solutions:
#   Reduce memory load on the system
#   Increase physical memory or swap space
#   Check if swap backing store is full
#   Use 64 bit Java on a 64 bit OS
#   Decrease Java heap size (-Xmx/-Xms)
#   Decrease number of Java threads
#   Decrease Java thread stack sizes (-Xss)
#   Set larger code cache with -XX:ReservedCodeCacheSize=
# This output file may be truncated or incomplete.
#
#  Out of Memory Error (memory/allocation.inline.hpp:61), pid=5712, tid=7156
#
# JRE version:  (8.0_60-b27) (build )
# Java VM: Java HotSpot(TM) 64-Bit Server VM (25.60-b23 mixed mode windows-amd64 compressed oops)
# Failed to write core dump. Minidumps are not enabled by default on client versions of Windows
#

---------------  T H R E A D  ---------------

Current thread (0x000000000210f000):  JavaThread "Unknown thread" [_thread_in_vm, id=7156, stack(0x0000000002450000,0x0000000002550000)]

Stack: [0x0000000002450000,0x0000000002550000]
[error occurred during error reporting (printing stack bounds), id 0xc0000005]

Native frames: (J=compiled Java code, j=interpreted, Vv=VM code, C=native code)


---------------  P R O C E S S  ---------------

Java Threads: ( => current thread )

Other Threads:

=>0x000000000210f000 (exited) JavaThread "Unknown thread" [_thread_in_vm, id=7156, stack(0x0000000002450000,0x0000000002550000)]

VM state:not at safepoint (normal execution)

VM Mutex/Monitor currently owned by a thread: None

Heap:
 PSYoungGen      total 35840K, used 614K [0x00000000eab00000, 0x00000000ed300000, 0x0000000100000000)
  eden space 30720K, 2% used [0x00000000eab00000,0x00000000eab999a8,0x00000000ec900000)
  from space 5120K, 0% used [0x00000000ece00000,0x00000000ece00000,0x00000000ed300000)
  to   space 5120K, 0% used [0x00000000ec900000,0x00000000ec900000,0x00000000ece00000)
 ParOldGen       total 81920K, used 0K [0x00000000c0000000, 0x00000000c5000000, 0x00000000eab00000)
  object space 81920K, 0% used [0x00000000c0000000,0x00000000c0000000,0x00000000c5000000)
 Metaspace       used 767K, capacity 4480K, committed 4480K, reserved 1056768K
  class space    used 75K, capacity 384K, committed 384K, reserved 1048576K

Card table byte_map: [0x0000000011be0000,0x0000000011df0000] byte_map_base: 0x00000000115e0000

Marking Bits: (ParMarkBitMap*) 0x000000006e1fa5b0
 Begin Bits: [0x0000000012790000, 0x0000000013790000)
 End Bits:   [0x0000000013790000, 0x0000000014790000)

Polling page: 0x0000000000330000

CodeCache: size=245760Kb used=328Kb max_used=328Kb free=245431Kb
 bounds [0x0000000002820000, 0x0000000002a90000, 0x0000000011820000]
 total_blobs=57 nmethods=0 adapters=37
 compilation: enabled

Compilation events (0 events):
No events

GC Heap History (0 events):
No events

Deoptimization events (0 events):
No events

Internal exceptions (0 events):
No events

Events (10 events):
Event: 0.141 loading class java/lang/Short
Event: 0.141 loading class java/lang/Short done
Event: 0.141 loading class java/lang/Integer
Event: 0.141 loading class java/lang/Integer done
Event: 0.141 loading class java/lang/Long
Event: 0.142 loading class java/lang/Long done
Event: 0.142 loading class java/lang/NullPointerException
Event: 0.142 loading class java/lang/NullPointerException done
Event: 0.142 loading class java/lang/ArithmeticException
Event: 0.142 loading class java/lang/ArithmeticException done


Dynamic libraries:
0x000000013f420000 - 0x000000013f457000 	C:\Program Files\Java\jdk1.8.0_60\bin\java.exe
0x0000000077210000 - 0x00000000773b9000 	C:\Windows\SYSTEM32\ntdll.dll
0x00000000770f0000 - 0x000000007720f000 	C:\Windows\system32\kernel32.dll
0x000007fefd1c0000 - 0x000007fefd22c000 	C:\Windows\system32\KERNELBASE.dll
0x000007feff440000 - 0x000007feff51b000 	C:\Windows\system32\ADVAPI32.dll
0x000007fefeed0000 - 0x000007fefef6f000 	C:\Windows\system32\msvcrt.dll
0x000007fefe2e0000 - 0x000007fefe2ff000 	C:\Windows\SYSTEM32\sechost.dll
0x000007fefe490000 - 0x000007fefe5bd000 	C:\Windows\system32\RPCRT4.dll
0x0000000076ff0000 - 0x00000000770ea000 	C:\Windows\system32\USER32.dll
0x000007fefe950000 - 0x000007fefe9b7000 	C:\Windows\system32\GDI32.dll
0x000007fefef70000 - 0x000007fefef7e000 	C:\Windows\system32\LPK.dll
0x000007fefe5c0000 - 0x000007fefe68a000 	C:\Windows\system32\USP10.dll
0x000007fefb7f0000 - 0x000007fefb9e4000 	C:\Windows\WinSxS\amd64_microsoft.windows.common-controls_6595b64144ccf1df_6.0.7601.18837_none_fa3b1e3d17594757\COMCTL32.dll
0x000007fefedb0000 - 0x000007fefee21000 	C:\Windows\system32\SHLWAPI.dll
0x000007fefd520000 - 0x000007fefd54e000 	C:\Windows\system32\IMM32.DLL
0x000007fefeca0000 - 0x000007fefeda9000 	C:\Windows\system32\MSCTF.dll
0x00000000601a0000 - 0x0000000060272000 	C:\Program Files\Java\jdk1.8.0_60\jre\bin\msvcr100.dll
0x000000006d9f0000 - 0x000000006e279000 	C:\Program Files\Java\jdk1.8.0_60\jre\bin\server\jvm.dll
0x000007fef37f0000 - 0x000007fef37f9000 	C:\Windows\system32\WSOCK32.dll
0x000007feff3f0000 - 0x000007feff43d000 	C:\Windows\system32\WS2_32.dll
0x000007feff0a0000 - 0x000007feff0a8000 	C:\Windows\system32\NSI.dll
0x000007fefafc0000 - 0x000007fefaffb000 	C:\Windows\system32\WINMM.dll
0x000007fefc270000 - 0x000007fefc27c000 	C:\Windows\system32\VERSION.dll
0x00000000773e0000 - 0x00000000773e7000 	C:\Windows\system32\PSAPI.DLL
0x0000000071170000 - 0x000000007117f000 	C:\Program Files\Java\jdk1.8.0_60\jre\bin\verify.dll
0x000000006f8d0000 - 0x000000006f8f9000 	C:\Program Files\Java\jdk1.8.0_60\jre\bin\java.dll
0x000000006f680000 - 0x000000006f696000 	C:\Program Files\Java\jdk1.8.0_60\jre\bin\zip.dll

VM Arguments:
jvm_args: -Djava.awt.headless=true -Xmx1024M -Dfile.encoding=windows-1252 -Duser.country=BR -Duser.language=pt -Duser.variant 
java_command: com.android.dx.command.Main --dex --num-threads=4 --output E:\Download\Arquivos\ApplicationKdVoce\app\build\intermediates\pre-dexed\debug\spring-android-rest-template-1.0.1.RELEASE_e47673310dec78569212827587a721afd6b0e622.jar C:\Users\GABRIEL\.gradle\caches\modules-2\files-2.1\org.springframework.android\spring-android-rest-template\1.0.1.RELEASE\e132d929bd181941f79b0d63edafb8a86ae6fd33\spring-android-rest-template-1.0.1.RELEASE.jar
java_class_path (initial): C:\android-sdk\build-tools\23.0.3\lib\dx.jar
Launcher Type: SUN_STANDARD

Environment Variables:
JAVA_HOME=C:\Program Files\Java\jdk1.8.0_60
CLASSPATH=C:\Program Files\Java\jdk1.8.0_60;.
PATH=C:\Users\GABRIEL\bin\Sencha\Cmd\4.0.5.87;C:\Program Files (x86)\Common Files\Intel\Shared Files\cpp\bin\Intel64;C:\ProgramData\Oracle\Java\javapath;C:\Windows\system32;C:\Windows;C:\Windows\System32\Wbem;C:\Windows\System32\WindowsPowerShell\v1.0\;C:\Program Files\Java\jdk1.8.0_60\bin;E:\MySQL\MySQL Server 5.5\bin;C:\Ruby193\bin;C:\FPC\2.2.4\bin\i386-Win32
USERNAME=GABRIEL
OS=Windows_NT
PROCESSOR_IDENTIFIER=Intel64 Family 6 Model 42 Stepping 7, GenuineIntel



---------------  S Y S T E M  ---------------

OS: Windows 7 , 64 bit Build 7601 (6.1.7601.19110)

CPU:total 4 (2 cores per cpu, 2 threads per core) family 6 model 42 stepping 7, cmov, cx8, fxsr, mmx, sse, sse2, sse3, ssse3, sse4.1, sse4.2, popcnt, avx, clmul, ht, tsc, tscinvbit

Memory: 4k page, physical 7781816k(1730796k free), swap 8259232k(323972k free)

vm_info: Java HotSpot(TM) 64-Bit Server VM (25.60-b23) for windows-amd64 JRE (1.8.0_60-b27), built on Aug  4 2015 11:06:27 by "java_re" with MS VC++ 10.0 (VS2010)

time: Thu May 26 23:59:54 2016
elapsed time: 0 seconds (0d 0h 0m 0s)

